capital_24h_runner_start targets=data/processed/capital_24h_targets.txt out_dir=data/reports/research/capital_24h log=data/logs/capital_24h_20260308_234742.log max_hours=24
run_start run_id=20260308_234742_capital24h_1 iteration=1
[2026-03-08T23:47:42.518426Z] research_pipeline_starting config=config/engine.yaml out_dir=data/reports/research/capital_24h
[2026-03-08T23:47:42.518785Z] uvloop_install_result enabled=0 policy=_UnixDefaultEventLoopPolicy
{"ts": "2026-03-08T23:47:42.520645Z", "level": "INFO", "logger": "hunterops", "message": "bootstrap_started run_id=20260308_234742_capital24h_1 config=/opt/hunterops/config/engine.yaml data_dir=/opt/hunterops/data out_dir=/opt/hunterops/data/reports/research/capital_24h event_loop=_UnixSelectorEventLoop policy=_UnixDefaultEventLoopPolicy"}
{"ts": "2026-03-08T23:47:42.562604Z", "level": "WARNING", "logger": "hunterops", "message": "missing_recommended_env env=HUNTEROPS_BUG_BOUNTY_USERNAME reason=program_submission_header"}
{"ts": "2026-03-08T23:47:42.562753Z", "level": "WARNING", "logger": "hunterops", "message": "missing_recommended_env env=HUNTEROPS_TEST_ACCOUNT_EMAIL reason=program_submission_header"}
[2026-03-08T23:47:42.563019Z] fatal_startup_or_runtime_error type=RuntimeError err=config_env_validation_failed missing_required_env env=HUNTEROPS_POSTGRES_DSN reason=postgres_enabled | missing_required_env env=INTIGRITI_API_TOKEN reason=intigriti_manager_enabled
Traceback (most recent call last):
  File "/opt/hunterops/scripts/research_pipeline.py", line 3371, in main
    return asyncio.run(run_async(args))
           ^^^^^^^^^^^^^^^^^^^^^^^^^^^^
  File "/usr/lib/python3.12/asyncio/runners.py", line 194, in run
    return runner.run(main)
           ^^^^^^^^^^^^^^^^
  File "/usr/lib/python3.12/asyncio/runners.py", line 118, in run
    return self._loop.run_until_complete(task)
           ^^^^^^^^^^^^^^^^^^^^^^^^^^^^^^^^^^^
  File "/usr/lib/python3.12/asyncio/base_events.py", line 687, in run_until_complete
    return future.result()
           ^^^^^^^^^^^^^^^
  File "/opt/hunterops/scripts/research_pipeline.py", line 2435, in run_async
    raise RuntimeError("config_env_validation_failed " + " | ".join(env_errors))
RuntimeError: config_env_validation_failed missing_required_env env=HUNTEROPS_POSTGRES_DSN reason=postgres_enabled | missing_required_env env=INTIGRITI_API_TOKEN reason=intigriti_manager_enabled
